2016-10-01 12:12:11 - TextLog: INFO: TShock 4.3.18.0 (Yoraiz0r R0cks) now running.
2016-10-01 12:12:11 - TShock: INFO: AutoSave Enabled
2016-10-01 12:12:11 - TShock: INFO: Backups Disabled
2016-10-01 12:12:11 - TShock: INFO: Welcome to TShock for Terraria. Initialization complete.
2016-10-01 12:12:41 - GetDataHandlers: INFO: MysticalStorm authenticated successfully as user MysticalStorm.
2016-10-01 12:12:42 - TextLog: INFO: MysticalStorm (188.163.104.53) from 'default' group joined. (1/8)
2016-10-01 12:12:42 - Utils: INFO: Broadcast: MysticalStorm has joined.
2016-10-01 12:15:21 - Utils: INFO: Server executed: /group list.
2016-10-01 12:16:04 - Utils: INFO: Server executed: /group help.
2016-10-01 12:16:18 - Utils: INFO: Server executed: /group help 2.
2016-10-01 12:16:37 - Utils: INFO: Server executed: /group help 3.
2016-10-01 12:17:45 - Commands: INFO: Server changed account MysticalStorm to group default.
2016-10-01 12:17:48 - Utils: INFO: Server executed: /exit.
2016-10-01 12:17:48 - Utils: INFO: Kicked MysticalStorm for : 'Server shutting down!'
2016-10-01 12:17:48 - Utils: INFO: Broadcast: MysticalStorm was force kicked for 'server shutting down!'
2016-10-01 12:17:48 - Utils: INFO: Broadcast: MysticalStorm has left.
2016-10-01 12:17:48 - TextLog: INFO: MysticalStorm disconnected.
2016-10-01 12:17:48 - Utils: INFO: Broadcast: Saving world. Momentary lag might result from this.
2016-10-01 12:17:51 - Utils: INFO: Broadcast: World saved.
2016-10-01 12:17:51 - SaveManager: INFO: World saved at (/root/My Games/Terraria/Worlds/VW.wld)
2016-10-01 12:17:51 - Utils: INFO: Broadcast: Saving world. Momentary lag might result from this.
2016-10-01 12:17:51 - Utils: INFO: Broadcast: Server shutting down!
2016-10-01 12:17:52 - Utils: INFO: Broadcast: World saved.
2016-10-01 12:17:52 - SaveManager: INFO: World saved at (/root/My Games/Terraria/Worlds/VW.wld)
