2016-10-09 11:40:35 - TextLog: INFO: TShock 4.3.19.0 (Yoraiz0r R0cks) now running.
2016-10-09 11:40:35 - TShock: INFO: AutoSave Enabled
2016-10-09 11:40:35 - TShock: INFO: Backups Disabled
2016-10-09 11:40:35 - TShock: INFO: Welcome to TShock for Terraria. Initialization complete.
2016-10-09 11:41:04 - GetDataHandlers: INFO: MysticalStorm authenticated successfully as user MysticalStorm.
2016-10-09 11:41:05 - TextLog: INFO: MysticalStorm (188.163.104.53) from 'vladmin' group joined. (1/8)
2016-10-09 11:41:05 - Utils: INFO: Broadcast: MysticalStorm has joined.
2016-10-09 11:41:08 - GetDataHandlers: INFO: go authenticated successfully as user go.
2016-10-09 11:41:09 - TextLog: INFO: go (176.107.218.254) from 'default' group joined. (2/8)
2016-10-09 11:41:09 - Utils: INFO: Broadcast: go has joined.
2016-10-09 11:45:36 - Utils: INFO: Broadcast: Saving world. Momentary lag might result from this.
2016-10-09 12:07:08 - Utils: INFO: Broadcast: go: [i/s13:188][i/s17:226]
2016-10-09 12:09:36 - Utils: INFO: Broadcast: Saving world. Momentary lag might result from this.
2016-10-09 12:33:36 - Utils: INFO: Broadcast: Saving world. Momentary lag might result from this.
2016-10-09 12:57:48 - Utils: INFO: Broadcast: Saving world. Momentary lag might result from this.
2016-10-09 13:08:49 - Utils: INFO: Broadcast: go has left.
2016-10-09 13:08:49 - TextLog: INFO: go disconnected.
2016-10-09 13:09:02 - GetDataHandlers: INFO: go authenticated successfully as user go.
2016-10-09 13:09:03 - TextLog: INFO: go (176.107.218.254) from 'default' group joined. (2/8)
2016-10-09 13:09:03 - Utils: INFO: Broadcast: go has joined.
2016-10-09 13:23:29 - Utils: INFO: Broadcast: Saving world. Momentary lag might result from this.
2016-10-09 13:29:02 - Utils: INFO: Broadcast: go: [i:1365]
2016-10-09 13:29:19 - Utils: INFO: Broadcast: go: [i/p38:3262]
2016-10-09 13:29:54 - Utils: INFO: Broadcast: go: BOT
2016-10-09 13:30:44 - Utils: INFO: Broadcast: go: BOT BOT [i:5][i/s4:1458][i:367][i/s111:751][i/s176:752][i/s73:282][i:289][i/s2:301][i:292][i/p38:2365][i/s2:188][i/s16:226][i/p40:121][i:122][i:3506][i/s98:8][i:3199][i/s30:188][i/p38:3262][i/s269:965][i/p60:98][i/s394:3621]
2016-10-09 13:31:00 - Utils: INFO: Broadcast: go: YYYYYY
2016-10-09 13:31:25 - Utils: INFO: Broadcast: go: ÀËÒÒ
2016-10-09 13:31:40 - Utils: INFO: Broadcast: go: [i/s394:3621]
2016-10-09 13:32:48 - Utils: INFO: Broadcast: go:  [i:3732] BAY
2016-10-09 13:33:53 - Utils: INFO: Broadcast: MysticalStorm: [i:1189][i:1189][i:1189][i:1189][i:1189][i:1189][i:1189]
2016-10-09 13:35:47 - Utils: INFO: Broadcast: MysticalStorm: [i/s10:1191]
2016-10-09 13:35:56 - Utils: INFO: Broadcast: MysticalStorm: [i/s21:1184]
2016-10-09 13:36:01 - Utils: INFO: Broadcast: MysticalStorm: [i:1189]
2016-10-09 13:37:17 - Utils: INFO: Broadcast: go: DR
2016-10-09 13:45:15 - Utils: INFO: Broadcast: go: [i:1189]
2016-10-09 13:49:36 - Utils: INFO: Broadcast: Saving world. Momentary lag might result from this.
2016-10-09 13:54:49 - Utils: INFO: Broadcast: go: [i/s2:301]
2016-10-09 13:55:05 - Utils: INFO: Broadcast: go: [i/s2:301][i/s2:301][i/s2:301][i/s2:301][i/s2:301][i/s2:301][i/s2:301][i/s2:301][i/s2:301][i/s2:301]
2016-10-09 13:55:27 - Utils: INFO: Broadcast: go: [i/s2:301][i:289][i:292][i/s4:188][i/s16:226][i/s30:188]
2016-10-09 14:00:43 - TextLog: INFO: Player MysticalStorm has been disabled for Reached projectile update threshold..
2016-10-09 14:16:56 - Utils: INFO: Broadcast: Saving world. Momentary lag might result from this.
2016-10-09 14:39:25 - Utils: INFO: go summoned the Eye of Cthulhu!
2016-10-09 14:40:34 - Utils: INFO: go summoned the Eye of Cthulhu!
2016-10-09 14:41:38 - Utils: INFO: go summoned the Eye of Cthulhu!
2016-10-09 14:43:56 - Utils: INFO: Broadcast: Saving world. Momentary lag might result from this.
2016-10-09 14:43:59 - Utils: INFO: go summoned the Queen Bee!
2016-10-09 14:49:02 - Utils: INFO: MysticalStorm summoned the Queen Bee!
2016-10-09 15:11:01 - Utils: INFO: Broadcast: Saving world. Momentary lag might result from this.
2016-10-09 15:38:28 - Utils: INFO: Broadcast: Saving world. Momentary lag might result from this.
2016-10-09 15:56:28 - Utils: INFO: MysticalStorm summoned the Skeletron Prime!
2016-10-09 16:05:00 - Utils: INFO: Broadcast: Saving world. Momentary lag might result from this.
2016-10-09 16:06:38 - Utils: INFO: go tried to execute /HOME.
2016-10-09 16:08:59 - Utils: INFO: Broadcast: go: WAT
2016-10-09 16:31:13 - Utils: INFO: Broadcast: Saving world. Momentary lag might result from this.
2016-10-09 16:39:31 - Utils: INFO: Broadcast: MysticalStorm has left.
2016-10-09 16:39:31 - TextLog: INFO: MysticalStorm disconnected.
2016-10-09 16:39:35 - Utils: INFO: Broadcast: go has left.
2016-10-09 16:39:35 - TextLog: INFO: go disconnected.
2016-10-09 16:39:35 - Utils: INFO: Broadcast: Saving world. Momentary lag might result from this.
2016-10-09 16:39:37 - Utils: INFO: Broadcast: World saved.
2016-10-09 16:39:37 - SaveManager: INFO: World saved at (/root/My Games/Terraria/Worlds/VW.wld)
