2016-10-01 17:07:10 - TextLog: INFO: TShock 4.3.18.0 (Yoraiz0r R0cks) now running.
2016-10-01 17:07:10 - TShock: INFO: AutoSave Enabled
2016-10-01 17:07:10 - TShock: INFO: Backups Disabled
2016-10-01 17:07:10 - TShock: INFO: Welcome to TShock for Terraria. Initialization complete.
2016-10-01 17:07:53 - GetDataHandlers: INFO: go authenticated successfully as user go.
2016-10-01 17:07:54 - TextLog: INFO: go (176.107.218.254) from 'default' group joined. (1/8)
2016-10-01 17:07:54 - Utils: INFO: Broadcast: go has joined.
2016-10-01 17:08:07 - GetDataHandlers: INFO: MysticalStorm authenticated successfully as user MysticalStorm.
2016-10-01 17:08:07 - TextLog: INFO: MysticalStorm (188.163.104.53) from 'default' group joined. (2/8)
2016-10-01 17:08:07 - Utils: INFO: Broadcast: MysticalStorm has joined.
2016-10-01 17:10:45 - Utils: INFO: Broadcast: Saving world. Momentary lag might result from this.
2016-10-01 17:34:46 - Utils: INFO: Broadcast: Saving world. Momentary lag might result from this.
2016-10-01 17:58:46 - Utils: INFO: Broadcast: Saving world. Momentary lag might result from this.
2016-10-01 18:02:28 - Utils: INFO: Broadcast: go has left.
2016-10-01 18:02:28 - TextLog: INFO: go disconnected.
2016-10-01 18:02:41 - GetDataHandlers: INFO: go authenticated successfully as user go.
2016-10-01 18:02:42 - TextLog: INFO: go (176.107.218.254) from 'default' group joined. (2/8)
2016-10-01 18:02:42 - Utils: INFO: Broadcast: go has joined.
2016-10-01 18:22:46 - Utils: INFO: Broadcast: Saving world. Momentary lag might result from this.
2016-10-01 18:46:46 - Utils: INFO: go summoned the Eye of Cthulhu!
2016-10-01 18:46:46 - Utils: INFO: Broadcast: Saving world. Momentary lag might result from this.
2016-10-01 19:00:31 - Utils: INFO: Broadcast: go: [i/s2:2997]
2016-10-01 19:01:57 - Utils: INFO: Broadcast: go: [i/s4:299][i/s2:2322][i/s2:296][i:295]
2016-10-01 19:02:51 - Utils: INFO: Broadcast: go: [i/s11:188]
2016-10-01 19:03:49 - Utils: INFO: MysticalStorm summoned the Eye of Cthulhu!
2016-10-01 19:05:54 - Utils: INFO: MysticalStorm summoned the Eye of Cthulhu!
2016-10-01 19:10:46 - Utils: INFO: Broadcast: Saving world. Momentary lag might result from this.
2016-10-01 19:28:17 - Utils: INFO: Server executed: /group addperm default tshock.tp.allothers.
2016-10-01 19:29:43 - Utils: INFO: Server executed: /group addperm default tshock.tp.wormhole.
2016-10-01 19:34:46 - Utils: INFO: Broadcast: Saving world. Momentary lag might result from this.
2016-10-01 19:58:47 - Utils: INFO: Broadcast: Saving world. Momentary lag might result from this.
2016-10-01 19:59:18 - Utils: INFO: Broadcast: MysticalStorm has left.
2016-10-01 19:59:18 - TextLog: INFO: MysticalStorm disconnected.
2016-10-01 20:00:20 - Utils: INFO: Broadcast: go has left.
2016-10-01 20:00:20 - TextLog: INFO: go disconnected.
2016-10-01 20:00:21 - Utils: INFO: Broadcast: Saving world. Momentary lag might result from this.
2016-10-01 20:00:22 - Utils: INFO: Broadcast: World saved.
2016-10-01 20:00:22 - SaveManager: INFO: World saved at (/root/My Games/Terraria/Worlds/VW.wld)
2016-10-02 06:49:27 - GetDataHandlers: INFO: MysticalStorm authenticated successfully as user MysticalStorm.
2016-10-02 06:49:28 - TextLog: INFO: MysticalStorm (188.163.104.53) from 'default' group joined. (1/8)
2016-10-02 06:49:28 - Utils: INFO: Broadcast: MysticalStorm has joined.
2016-10-02 07:11:50 - Utils: INFO: Broadcast: Saving world. Momentary lag might result from this.
2016-10-02 07:35:50 - Utils: INFO: Broadcast: Saving world. Momentary lag might result from this.
2016-10-02 07:59:53 - Utils: INFO: Broadcast: Saving world. Momentary lag might result from this.
2016-10-02 08:14:52 - TextLog: INFO: Player MysticalStorm has been disabled for Reached TilePlace threshold..
2016-10-02 08:14:52 - TextLog: INFO: Player MysticalStorm has been disabled for Reached TilePlace threshold.
2016-10-02 08:23:51 - Utils: INFO: Broadcast: Saving world. Momentary lag might result from this.
2016-10-02 08:47:51 - Utils: INFO: Broadcast: Saving world. Momentary lag might result from this.
2016-10-02 09:11:51 - Utils: INFO: Broadcast: Saving world. Momentary lag might result from this.
2016-10-02 09:35:51 - Utils: INFO: Broadcast: Saving world. Momentary lag might result from this.
2016-10-02 09:59:51 - Utils: INFO: Broadcast: Saving world. Momentary lag might result from this.
2016-10-02 10:23:51 - Utils: INFO: Broadcast: Saving world. Momentary lag might result from this.
2016-10-02 10:47:51 - Utils: INFO: Broadcast: Saving world. Momentary lag might result from this.
2016-10-02 11:11:52 - Utils: INFO: Broadcast: Saving world. Momentary lag might result from this.
2016-10-02 11:35:52 - Utils: INFO: Broadcast: Saving world. Momentary lag might result from this.
2016-10-02 11:59:52 - Utils: INFO: Broadcast: Saving world. Momentary lag might result from this.
2016-10-02 12:23:52 - Utils: INFO: Broadcast: Saving world. Momentary lag might result from this.
2016-10-02 12:47:52 - Utils: INFO: Broadcast: Saving world. Momentary lag might result from this.
2016-10-02 13:01:01 - TextLog: INFO: Player MysticalStorm has been disabled for Reached TileLiquid threshold..
2016-10-02 13:03:22 - TShock: ERROR: System.ArgumentOutOfRangeException: Value must be positive and below the buffer height.
Parameter name: top
  at System.TermInfoDriver.SetCursorPosition (System.Int32 left, System.Int32 top) [0x0004d] in <94fd79a3b7144c54b4cb162b50fc7761>:0 
  at System.TermInfoDriver.WriteSpecialKey (System.ConsoleKeyInfo key) [0x0006e] in <94fd79a3b7144c54b4cb162b50fc7761>:0 
  at System.TermInfoDriver.Echo (System.ConsoleKeyInfo key) [0x00020] in <94fd79a3b7144c54b4cb162b50fc7761>:0 
  at System.TermInfoDriver.ReadLine () [0x000cf] in <94fd79a3b7144c54b4cb162b50fc7761>:0 
  at System.ConsoleDriver.ReadLine () [0x00000] in <94fd79a3b7144c54b4cb162b50fc7761>:0 
  at System.Console.ReadLine () [0x00019] in <94fd79a3b7144c54b4cb162b50fc7761>:0 
  at Terraria.Main.startDedInputCallBack (System.Object threadContext) [0x0000f] in <f68eb50a61c048539de254598c460b35>:0 
  at System.Threading.ThreadHelper.ThreadStart_Context (System.Object state) [0x0002c] in <94fd79a3b7144c54b4cb162b50fc7761>:0 
  at System.Threading.ExecutionContext.RunInternal (System.Threading.ExecutionContext executionContext, System.Threading.ContextCallback callback, System.Object state, System.Boolean preserveSyncCtx) [0x0008d] in <94fd79a3b7144c54b4cb162b50fc7761>:0 
  at System.Threading.ExecutionContext.Run (System.Threading.ExecutionContext executionContext, System.Threading.ContextCallback callback, System.Object state, System.Boolean preserveSyncCtx) [0x00000] in <94fd79a3b7144c54b4cb162b50fc7761>:0 
  at System.Threading.ExecutionContext.Run (System.Threading.ExecutionContext executionContext, System.Threading.ContextCallback callback, System.Object state) [0x00031] in <94fd79a3b7144c54b4cb162b50fc7761>:0 
  at System.Threading.ThreadHelper.ThreadStart (System.Object obj) [0x00012] in <94fd79a3b7144c54b4cb162b50fc7761>:0 
2016-10-02 13:03:22 - Utils: INFO: Broadcast: Saving world. Momentary lag might result from this.
2016-10-02 13:03:27 - Utils: INFO: Broadcast: World saved.
2016-10-02 13:03:27 - SaveManager: INFO: World saved at (/root/My Games/Terraria/Worlds/VW.wld.crash)
