2016-09-26 19:49:37 - TextLog: INFO: TShock 4.3.18.0 (Yoraiz0r R0cks) now running.
2016-09-26 19:49:37 - TShock: INFO: AutoSave Enabled
2016-09-26 19:49:37 - TShock: INFO: Backups Disabled
2016-09-26 19:49:37 - TShock: INFO: Welcome to TShock for Terraria. Initialization complete.
2016-09-26 19:52:37 - TextLog: INFO: MysticalStorm (188.163.104.53) from 'guest' group joined. (1/8)
2016-09-26 19:52:37 - Utils: INFO: Broadcast: MysticalStorm has joined.
2016-09-26 19:52:54 - Utils: INFO: Broadcast: MysticalStorm has left.
2016-09-26 19:52:54 - TextLog: INFO: MysticalStorm disconnected.
2016-09-26 19:52:54 - Utils: INFO: Broadcast: Saving world. Momentary lag might result from this.
2016-09-26 19:52:56 - Utils: INFO: Broadcast: World saved.
2016-09-26 19:52:56 - SaveManager: INFO: World saved at (/root/My Games/Terraria/Worlds/KiV.wld)
2016-09-26 19:53:02 - TextLog: INFO: Dr.Ghost (188.163.104.53) from 'guest' group joined. (1/8)
2016-09-26 19:53:02 - Utils: INFO: Broadcast: Dr.Ghost has joined.
2016-09-26 19:53:19 - Utils: INFO: Broadcast: Dr.Ghost has left.
2016-09-26 19:53:19 - TextLog: INFO: Dr.Ghost disconnected.
2016-09-26 19:53:19 - Utils: INFO: Broadcast: Saving world. Momentary lag might result from this.
2016-09-26 19:53:20 - Utils: INFO: Broadcast: World saved.
2016-09-26 19:53:20 - SaveManager: INFO: World saved at (/root/My Games/Terraria/Worlds/KiV.wld)
2016-09-27 05:14:36 - TextLog: ERROR: UpdateManager Exception: System.Net.WebException: The request timed out
  at System.Net.HttpWebRequest.EndGetResponse (System.IAsyncResult asyncResult) [0x00052] in <affe4060066c42de8cdd6027cdb92b56>:0 
  at System.Net.HttpWebRequest.GetResponse () [0x0000e] in <affe4060066c42de8cdd6027cdb92b56>:0 
  at TShockAPI.Utils.GetResponseNoException (System.Net.HttpWebRequest req) [0x00000] in <f5c40f9c44164213a841e0c8a63eff41>:0 
2016-09-27 05:44:26 - TextLog: ERROR: UpdateManager Exception: System.Net.WebException: The request timed out
  at System.Net.HttpWebRequest.EndGetResponse (System.IAsyncResult asyncResult) [0x00052] in <affe4060066c42de8cdd6027cdb92b56>:0 
  at System.Net.HttpWebRequest.GetResponse () [0x0000e] in <affe4060066c42de8cdd6027cdb92b56>:0 
  at TShockAPI.Utils.GetResponseNoException (System.Net.HttpWebRequest req) [0x00000] in <f5c40f9c44164213a841e0c8a63eff41>:0 
2016-09-27 14:27:51 - TextLog: INFO: nun (176.107.218.159) from 'guest' group joined. (1/8)
2016-09-27 14:27:51 - Utils: INFO: Broadcast: nun has joined.
2016-09-27 14:28:22 - Utils: INFO: Broadcast: nun has left.
2016-09-27 14:28:22 - TextLog: INFO: nun disconnected.
2016-09-27 14:28:22 - Utils: INFO: Broadcast: Saving world. Momentary lag might result from this.
2016-09-27 14:28:24 - Utils: INFO: Broadcast: World saved.
2016-09-27 14:28:24 - SaveManager: INFO: World saved at (/root/My Games/Terraria/Worlds/KiV.wld)
2016-09-27 14:28:26 - TextLog: INFO: go (176.107.218.159) from 'guest' group joined. (1/8)
2016-09-27 14:28:26 - Utils: INFO: Broadcast: go has joined.
2016-09-27 14:31:35 - Utils: INFO: Broadcast: go has left.
2016-09-27 14:31:35 - TextLog: INFO: go disconnected.
2016-09-27 14:31:35 - Utils: INFO: Broadcast: Saving world. Momentary lag might result from this.
2016-09-27 14:31:37 - Utils: INFO: Broadcast: World saved.
2016-09-27 14:31:37 - SaveManager: INFO: World saved at (/root/My Games/Terraria/Worlds/KiV.wld)
2016-09-27 15:15:47 - TextLog: ERROR: StatTracker Exception: System.Net.WebException: The request timed out
  at System.Net.HttpWebRequest.EndGetResponse (System.IAsyncResult asyncResult) [0x00052] in <affe4060066c42de8cdd6027cdb92b56>:0 
  at System.Net.HttpWebRequest.GetResponse () [0x0000e] in <affe4060066c42de8cdd6027cdb92b56>:0 
  at TShockAPI.Utils.GetResponseNoException (System.Net.HttpWebRequest req) [0x00000] in <f5c40f9c44164213a841e0c8a63eff41>:0 
2016-09-27 15:16:46 - TextLog: ERROR: UpdateManager Exception: System.Net.WebException: The request timed out
  at System.Net.HttpWebRequest.EndGetResponse (System.IAsyncResult asyncResult) [0x00052] in <affe4060066c42de8cdd6027cdb92b56>:0 
  at System.Net.HttpWebRequest.GetResponse () [0x0000e] in <affe4060066c42de8cdd6027cdb92b56>:0 
  at TShockAPI.Utils.GetResponseNoException (System.Net.HttpWebRequest req) [0x00000] in <f5c40f9c44164213a841e0c8a63eff41>:0 
2016-09-27 17:16:59 - TextLog: INFO: MysticalStorm (188.163.104.53) from 'guest' group joined. (1/8)
2016-09-27 17:16:59 - Utils: INFO: Broadcast: MysticalStorm has joined.
2016-09-27 17:19:18 - Utils: INFO: Broadcast: MysticalStorm has left.
2016-09-27 17:19:18 - TextLog: INFO: MysticalStorm disconnected.
2016-09-27 17:19:18 - Utils: INFO: Broadcast: Saving world. Momentary lag might result from this.
2016-09-27 17:19:20 - Utils: INFO: Broadcast: World saved.
2016-09-27 17:19:20 - SaveManager: INFO: World saved at (/root/My Games/Terraria/Worlds/KiV.wld)
2016-09-27 17:31:02 - TextLog: ERROR: UpdateManager Exception: System.Net.WebException: The request timed out
  at System.Net.HttpWebRequest.EndGetResponse (System.IAsyncResult asyncResult) [0x00052] in <affe4060066c42de8cdd6027cdb92b56>:0 
  at System.Net.HttpWebRequest.GetResponse () [0x0000e] in <affe4060066c42de8cdd6027cdb92b56>:0 
  at TShockAPI.Utils.GetResponseNoException (System.Net.HttpWebRequest req) [0x00000] in <f5c40f9c44164213a841e0c8a63eff41>:0 
2016-09-27 19:00:13 - TextLog: INFO: MysticalStorm (188.163.104.53) from 'guest' group joined. (1/8)
2016-09-27 19:00:13 - Utils: INFO: Broadcast: MysticalStorm has joined.
2016-09-27 19:00:41 - Utils: INFO: Broadcast: MysticalStorm has left.
2016-09-27 19:00:41 - TextLog: INFO: MysticalStorm disconnected.
2016-09-27 19:00:41 - Utils: INFO: Broadcast: Saving world. Momentary lag might result from this.
2016-09-27 19:00:43 - Utils: INFO: Broadcast: World saved.
2016-09-27 19:00:43 - SaveManager: INFO: World saved at (/root/My Games/Terraria/Worlds/KiV.wld)
2016-09-27 19:00:49 - TextLog: INFO: Dr.Ghost (188.163.104.53) from 'guest' group joined. (1/8)
2016-09-27 19:00:49 - Utils: INFO: Broadcast: Dr.Ghost has joined.
2016-09-27 19:02:55 - Utils: INFO: Broadcast: Dr.Ghost has left.
2016-09-27 19:02:55 - TextLog: INFO: Dr.Ghost disconnected.
2016-09-27 19:02:55 - Utils: INFO: Broadcast: Saving world. Momentary lag might result from this.
2016-09-27 19:02:57 - Utils: INFO: Broadcast: World saved.
2016-09-27 19:02:57 - SaveManager: INFO: World saved at (/root/My Games/Terraria/Worlds/KiV.wld)
2016-09-27 19:03:25 - TextLog: INFO: Dr.Ghost (188.163.104.53) from 'guest' group joined. (1/8)
2016-09-27 19:03:25 - Utils: INFO: Broadcast: Dr.Ghost has joined.
2016-09-27 19:04:00 - Utils: INFO: Broadcast: Dr.Ghost has left.
2016-09-27 19:04:00 - TextLog: INFO: Dr.Ghost disconnected.
2016-09-27 19:04:00 - Utils: INFO: Broadcast: Saving world. Momentary lag might result from this.
2016-09-27 19:04:01 - Utils: INFO: Broadcast: World saved.
2016-09-27 19:04:01 - SaveManager: INFO: World saved at (/root/My Games/Terraria/Worlds/KiV.wld)
2016-09-27 19:04:24 - TextLog: INFO: Dr.Ghost disconnected.
2016-09-27 19:05:04 - TextLog: INFO: Dr.Ghost (188.163.104.53) from 'guest' group joined. (1/8)
2016-09-27 19:05:04 - Utils: INFO: Broadcast: Dr.Ghost has joined.
2016-09-27 19:05:28 - Utils: INFO: Broadcast: Dr.Ghost has left.
2016-09-27 19:05:28 - TextLog: INFO: Dr.Ghost disconnected.
2016-09-27 19:05:28 - Utils: INFO: Broadcast: Saving world. Momentary lag might result from this.
2016-09-27 19:05:30 - Utils: INFO: Broadcast: World saved.
2016-09-27 19:05:30 - SaveManager: INFO: World saved at (/root/My Games/Terraria/Worlds/KiV.wld)
2016-09-27 21:22:44 - TextLog: ERROR: UpdateManager Exception: System.Net.WebException: The request timed out
  at System.Net.HttpWebRequest.EndGetResponse (System.IAsyncResult asyncResult) [0x00052] in <affe4060066c42de8cdd6027cdb92b56>:0 
  at System.Net.HttpWebRequest.GetResponse () [0x0000e] in <affe4060066c42de8cdd6027cdb92b56>:0 
  at TShockAPI.Utils.GetResponseNoException (System.Net.HttpWebRequest req) [0x00000] in <f5c40f9c44164213a841e0c8a63eff41>:0 
2016-09-28 02:11:12 - TextLog: ERROR: StatTracker Exception: System.Net.WebException: The request timed out
  at System.Net.HttpWebRequest.EndGetResponse (System.IAsyncResult asyncResult) [0x00052] in <affe4060066c42de8cdd6027cdb92b56>:0 
  at System.Net.HttpWebRequest.GetResponse () [0x0000e] in <affe4060066c42de8cdd6027cdb92b56>:0 
  at TShockAPI.Utils.GetResponseNoException (System.Net.HttpWebRequest req) [0x00000] in <f5c40f9c44164213a841e0c8a63eff41>:0 
2016-09-28 02:12:06 - TextLog: ERROR: UpdateManager Exception: System.Net.WebException: The request timed out
  at System.Net.HttpWebRequest.EndGetResponse (System.IAsyncResult asyncResult) [0x00052] in <affe4060066c42de8cdd6027cdb92b56>:0 
  at System.Net.HttpWebRequest.GetResponse () [0x0000e] in <affe4060066c42de8cdd6027cdb92b56>:0 
  at TShockAPI.Utils.GetResponseNoException (System.Net.HttpWebRequest req) [0x00000] in <f5c40f9c44164213a841e0c8a63eff41>:0 
2016-09-28 12:16:01 - TextLog: ERROR: UpdateManager Exception: System.Net.WebException: The request timed out
  at System.Net.HttpWebRequest.EndGetResponse (System.IAsyncResult asyncResult) [0x00052] in <affe4060066c42de8cdd6027cdb92b56>:0 
  at System.Net.HttpWebRequest.GetResponse () [0x0000e] in <affe4060066c42de8cdd6027cdb92b56>:0 
  at TShockAPI.Utils.GetResponseNoException (System.Net.HttpWebRequest req) [0x00000] in <f5c40f9c44164213a841e0c8a63eff41>:0 
2016-09-28 12:21:06 - TextLog: ERROR: UpdateManager Exception: System.Net.WebException: The request timed out
  at System.Net.HttpWebRequest.EndGetResponse (System.IAsyncResult asyncResult) [0x00052] in <affe4060066c42de8cdd6027cdb92b56>:0 
  at System.Net.HttpWebRequest.GetResponse () [0x0000e] in <affe4060066c42de8cdd6027cdb92b56>:0 
  at TShockAPI.Utils.GetResponseNoException (System.Net.HttpWebRequest req) [0x00000] in <f5c40f9c44164213a841e0c8a63eff41>:0 
2016-09-28 12:26:12 - TextLog: ERROR: UpdateManager Exception: System.Net.WebException: The request timed out
  at System.Net.HttpWebRequest.EndGetResponse (System.IAsyncResult asyncResult) [0x00052] in <affe4060066c42de8cdd6027cdb92b56>:0 
  at System.Net.HttpWebRequest.GetResponse () [0x0000e] in <affe4060066c42de8cdd6027cdb92b56>:0 
  at TShockAPI.Utils.GetResponseNoException (System.Net.HttpWebRequest req) [0x00000] in <f5c40f9c44164213a841e0c8a63eff41>:0 
2016-09-28 12:31:17 - TextLog: ERROR: UpdateManager Exception: System.Net.WebException: The request timed out
  at System.Net.HttpWebRequest.EndGetResponse (System.IAsyncResult asyncResult) [0x00052] in <affe4060066c42de8cdd6027cdb92b56>:0 
  at System.Net.HttpWebRequest.GetResponse () [0x0000e] in <affe4060066c42de8cdd6027cdb92b56>:0 
  at TShockAPI.Utils.GetResponseNoException (System.Net.HttpWebRequest req) [0x00000] in <f5c40f9c44164213a841e0c8a63eff41>:0 
2016-09-28 12:36:26 - TextLog: ERROR: UpdateManager Exception: System.Net.WebException: The request timed out
  at System.Net.HttpWebRequest.EndGetResponse (System.IAsyncResult asyncResult) [0x00052] in <affe4060066c42de8cdd6027cdb92b56>:0 
  at System.Net.HttpWebRequest.GetResponse () [0x0000e] in <affe4060066c42de8cdd6027cdb92b56>:0 
  at TShockAPI.Utils.GetResponseNoException (System.Net.HttpWebRequest req) [0x00000] in <f5c40f9c44164213a841e0c8a63eff41>:0 
2016-09-28 12:41:31 - TextLog: ERROR: UpdateManager Exception: System.Net.WebException: The request timed out
  at System.Net.HttpWebRequest.EndGetResponse (System.IAsyncResult asyncResult) [0x00052] in <affe4060066c42de8cdd6027cdb92b56>:0 
  at System.Net.HttpWebRequest.GetResponse () [0x0000e] in <affe4060066c42de8cdd6027cdb92b56>:0 
  at TShockAPI.Utils.GetResponseNoException (System.Net.HttpWebRequest req) [0x00000] in <f5c40f9c44164213a841e0c8a63eff41>:0 
2016-09-28 12:46:37 - TextLog: ERROR: UpdateManager Exception: System.Net.WebException: The request timed out
  at System.Net.HttpWebRequest.EndGetResponse (System.IAsyncResult asyncResult) [0x00052] in <affe4060066c42de8cdd6027cdb92b56>:0 
  at System.Net.HttpWebRequest.GetResponse () [0x0000e] in <affe4060066c42de8cdd6027cdb92b56>:0 
  at TShockAPI.Utils.GetResponseNoException (System.Net.HttpWebRequest req) [0x00000] in <f5c40f9c44164213a841e0c8a63eff41>:0 
2016-09-28 12:51:42 - TextLog: ERROR: UpdateManager Exception: System.Net.WebException: The request timed out
  at System.Net.HttpWebRequest.EndGetResponse (System.IAsyncResult asyncResult) [0x00052] in <affe4060066c42de8cdd6027cdb92b56>:0 
  at System.Net.HttpWebRequest.GetResponse () [0x0000e] in <affe4060066c42de8cdd6027cdb92b56>:0 
  at TShockAPI.Utils.GetResponseNoException (System.Net.HttpWebRequest req) [0x00000] in <f5c40f9c44164213a841e0c8a63eff41>:0 
2016-09-28 12:56:47 - TextLog: ERROR: UpdateManager Exception: System.Net.WebException: The request timed out
  at System.Net.HttpWebRequest.EndGetResponse (System.IAsyncResult asyncResult) [0x00052] in <affe4060066c42de8cdd6027cdb92b56>:0 
  at System.Net.HttpWebRequest.GetResponse () [0x0000e] in <affe4060066c42de8cdd6027cdb92b56>:0 
  at TShockAPI.Utils.GetResponseNoException (System.Net.HttpWebRequest req) [0x00000] in <f5c40f9c44164213a841e0c8a63eff41>:0 
2016-09-28 13:01:52 - TextLog: ERROR: UpdateManager Exception: System.Net.WebException: The request timed out
  at System.Net.HttpWebRequest.EndGetResponse (System.IAsyncResult asyncResult) [0x00052] in <affe4060066c42de8cdd6027cdb92b56>:0 
  at System.Net.HttpWebRequest.GetResponse () [0x0000e] in <affe4060066c42de8cdd6027cdb92b56>:0 
  at TShockAPI.Utils.GetResponseNoException (System.Net.HttpWebRequest req) [0x00000] in <f5c40f9c44164213a841e0c8a63eff41>:0 
2016-09-28 13:06:57 - TextLog: ERROR: UpdateManager Exception: System.Net.WebException: The request timed out
  at System.Net.HttpWebRequest.EndGetResponse (System.IAsyncResult asyncResult) [0x00052] in <affe4060066c42de8cdd6027cdb92b56>:0 
  at System.Net.HttpWebRequest.GetResponse () [0x0000e] in <affe4060066c42de8cdd6027cdb92b56>:0 
  at TShockAPI.Utils.GetResponseNoException (System.Net.HttpWebRequest req) [0x00000] in <f5c40f9c44164213a841e0c8a63eff41>:0 
2016-09-28 13:12:02 - TextLog: ERROR: UpdateManager Exception: System.Net.WebException: The request timed out
  at System.Net.HttpWebRequest.EndGetResponse (System.IAsyncResult asyncResult) [0x00052] in <affe4060066c42de8cdd6027cdb92b56>:0 
  at System.Net.HttpWebRequest.GetResponse () [0x0000e] in <affe4060066c42de8cdd6027cdb92b56>:0 
  at TShockAPI.Utils.GetResponseNoException (System.Net.HttpWebRequest req) [0x00000] in <f5c40f9c44164213a841e0c8a63eff41>:0 
2016-09-28 13:17:07 - TextLog: ERROR: UpdateManager Exception: System.Net.WebException: The request timed out
  at System.Net.HttpWebRequest.EndGetResponse (System.IAsyncResult asyncResult) [0x00052] in <affe4060066c42de8cdd6027cdb92b56>:0 
  at System.Net.HttpWebRequest.GetResponse () [0x0000e] in <affe4060066c42de8cdd6027cdb92b56>:0 
  at TShockAPI.Utils.GetResponseNoException (System.Net.HttpWebRequest req) [0x00000] in <f5c40f9c44164213a841e0c8a63eff41>:0 
2016-09-28 13:22:12 - TextLog: ERROR: UpdateManager Exception: System.Net.WebException: The request timed out
  at System.Net.HttpWebRequest.EndGetResponse (System.IAsyncResult asyncResult) [0x00052] in <affe4060066c42de8cdd6027cdb92b56>:0 
  at System.Net.HttpWebRequest.GetResponse () [0x0000e] in <affe4060066c42de8cdd6027cdb92b56>:0 
  at TShockAPI.Utils.GetResponseNoException (System.Net.HttpWebRequest req) [0x00000] in <f5c40f9c44164213a841e0c8a63eff41>:0 
2016-09-28 13:27:17 - TextLog: ERROR: UpdateManager Exception: System.Net.WebException: The request timed out
  at System.Net.HttpWebRequest.EndGetResponse (System.IAsyncResult asyncResult) [0x00052] in <affe4060066c42de8cdd6027cdb92b56>:0 
  at System.Net.HttpWebRequest.GetResponse () [0x0000e] in <affe4060066c42de8cdd6027cdb92b56>:0 
  at TShockAPI.Utils.GetResponseNoException (System.Net.HttpWebRequest req) [0x00000] in <f5c40f9c44164213a841e0c8a63eff41>:0 
2016-09-28 13:32:22 - TextLog: ERROR: UpdateManager Exception: System.Net.WebException: The request timed out
  at System.Net.HttpWebRequest.EndGetResponse (System.IAsyncResult asyncResult) [0x00052] in <affe4060066c42de8cdd6027cdb92b56>:0 
  at System.Net.HttpWebRequest.GetResponse () [0x0000e] in <affe4060066c42de8cdd6027cdb92b56>:0 
  at TShockAPI.Utils.GetResponseNoException (System.Net.HttpWebRequest req) [0x00000] in <f5c40f9c44164213a841e0c8a63eff41>:0 
2016-09-28 18:08:43 - TextLog: INFO: MysticalStorm (188.163.104.53) from 'guest' group joined. (1/8)
2016-09-28 18:08:43 - Utils: INFO: Broadcast: MysticalStorm has joined.
2016-09-28 18:09:20 - Utils: INFO: Broadcast: Saving world. Momentary lag might result from this.
2016-09-28 18:12:58 - Utils: INFO: Broadcast: MysticalStorm has left.
2016-09-28 18:12:58 - TextLog: INFO: MysticalStorm disconnected.
2016-09-28 18:12:58 - Utils: INFO: Broadcast: Saving world. Momentary lag might result from this.
2016-09-28 18:12:59 - Utils: INFO: Broadcast: World saved.
2016-09-28 18:12:59 - SaveManager: INFO: World saved at (/root/My Games/Terraria/Worlds/KiV.wld)
2016-09-28 18:39:19 - TextLog: INFO: MysticalStorm (188.163.104.53) from 'guest' group joined. (1/8)
2016-09-28 18:39:19 - Utils: INFO: Broadcast: MysticalStorm has joined.
2016-09-28 18:39:49 - Utils: INFO: Broadcast: MysticalStorm has left.
2016-09-28 18:39:49 - TextLog: INFO: MysticalStorm disconnected.
2016-09-28 18:39:49 - Utils: INFO: Broadcast: Saving world. Momentary lag might result from this.
2016-09-28 18:39:51 - Utils: INFO: Broadcast: World saved.
2016-09-28 18:39:51 - SaveManager: INFO: World saved at (/root/My Games/Terraria/Worlds/KiV.wld)
2016-09-28 18:50:34 - Utils: INFO: Server executed: /exit.
2016-09-28 18:50:34 - Utils: INFO: Broadcast: Saving world. Momentary lag might result from this.
2016-09-28 18:50:36 - Utils: INFO: Broadcast: World saved.
2016-09-28 18:50:36 - SaveManager: INFO: World saved at (/root/My Games/Terraria/Worlds/KiV.wld)
2016-09-28 18:50:36 - Utils: INFO: Broadcast: Server shutting down!
